<?xml version="1.0" encoding="UTF-8"?>
<testng-results ignored="0" total="1" passed="1" failed="0" skipped="0">
  <reporter-output>
  </reporter-output>
  <suite started-at="2024-09-08T00:37:37 EET" name="Suite" finished-at="2024-09-08T00:38:04 EET" duration-ms="27402">
    <groups>
    </groups>
    <test started-at="2024-09-08T00:37:37 EET" name="Test" finished-at="2024-09-08T00:38:04 EET" duration-ms="27402">
      <class name="TestCases.TestAddNewCustomer">
        <test-method is-config="true" signature="setLog()[pri:0, instance:TestCases.TestAddNewCustomer@2acdcce8]" started-at="2024-09-08T00:37:37 EET" name="setLog" finished-at="2024-09-08T00:37:37 EET" duration-ms="20" status="PASS">
          <reporter-output>
          </reporter-output>
        </test-method> <!-- setLog -->
        <test-method is-config="true" signature="setDriver()[pri:0, instance:TestCases.TestAddNewCustomer@2acdcce8]" started-at="2024-09-08T00:37:37 EET" name="setDriver" finished-at="2024-09-08T00:37:53 EET" duration-ms="16785" status="PASS">
          <reporter-output>
          </reporter-output>
        </test-method> <!-- setDriver -->
        <test-method signature="CheckAddNewCustomer()[pri:0, instance:TestCases.TestAddNewCustomer@2acdcce8]" started-at="2024-09-08T00:37:54 EET" name="CheckAddNewCustomer" description="Invalid Login Scenario with wrong username and password." finished-at="2024-09-08T00:38:02 EET" duration-ms="8266" status="PASS">
          <reporter-output>
          </reporter-output>
        </test-method> <!-- CheckAddNewCustomer -->
        <test-method is-config="true" signature="screenShotOnFailure(org.testng.ITestResult)[pri:0, instance:TestCases.TestAddNewCustomer@2acdcce8]" started-at="2024-09-08T00:38:02 EET" name="screenShotOnFailure" finished-at="2024-09-08T00:38:04 EET" duration-ms="2106" status="PASS">
          <params>
            <param index="0">
              <value>
                <![CDATA[[TestResult name=CheckAddNewCustomer status=SUCCESS method=TestAddNewCustomer.CheckAddNewCustomer()[pri:0, instance:TestCases.TestAddNewCustomer@2acdcce8] output={null}]]]>
              </value>
            </param>
          </params>
          <reporter-output>
          </reporter-output>
        </test-method> <!-- screenShotOnFailure -->
      </class> <!-- TestCases.TestAddNewCustomer -->
    </test> <!-- Test -->
  </suite> <!-- Suite -->
</testng-results>
